#
# A fatal error has been detected by the Java Runtime Environment:
#
#  EXCEPTION_ACCESS_VIOLATION (0xc0000005) at pc=0x0000000054198d85, pid=30056, tid=24800
#
# JRE version: Java(TM) SE Runtime Environment (8.0_77-b03) (build 1.8.0_77-b03)
# Java VM: Java HotSpot(TM) 64-Bit Server VM (25.77-b03 mixed mode windows-amd64 compressed oops)
# Problematic frame:
# V  [jvm.dll+0x128d85]
#
# Failed to write core dump. Minidumps are not enabled by default on client versions of Windows
#
# If you would like to submit a bug report, please visit:
#   http://bugreport.java.com/bugreport/crash.jsp
#

---------------  T H R E A D  ---------------

Current thread (0x0000000017645800):  JavaThread "JDWP Transport Listener: dt_socket" daemon [_thread_in_vm, id=24800, stack(0x0000000018f90000,0x0000000019090000)]

siginfo: ExceptionCode=0xc0000005, reading address 0xffffffffffffffff

Registers:
RAX=0x000000001908f201, RBX=0x0000000017645800, RCX=0x003b003b3e3b3e3b, RDX=0x0000000000000000
RSP=0x000000001908f2a0, RBP=0x003b003b3e3b3e3b, RSI=0x000000001908f3b8, RDI=0x0000000002bb9060
R8 =0x0000000017645800, R9 =0x0000000000000000, R10=0x0000000000000000, R11=0x0000000000000064
R12=0x0000000000000000, R13=0x000000001764d318, R14=0x0000000000000000, R15=0x0000000000000000
RIP=0x0000000054198d85, EFLAGS=0x0000000000010202

Top of Stack: (sp=0x000000001908f2a0)
0x000000001908f2a0:   0000000017645800 0000000019a2cd70
0x000000001908f2b0:   000000001908f368 000000005439e33b
0x000000001908f2c0:   0000000017645800 00000000543bab9d
0x000000001908f2d0:   0000000000000000 00000000568e9155
0x000000001908f2e0:   0000000017612710 00000000568f291e
0x000000001908f2f0:   0000000017645800 0000000000000000
0x000000001908f300:   0000000000000000 0000000000000000
0x000000001908f310:   003b003b3e3b3e3b 00000000568f1a15
0x000000001908f320:   000000001908f3b8 000000001908f390
0x000000001908f330:   0000000000000001 0000000017612710
0x000000001908f340:   003b003b3e3b3e3b 00000000568d53b3
0x000000001908f350:   000000001908f480 0000000000000001
0x000000001908f360:   0000000000000001 0000000017612710
0x000000001908f370:   0000000000000009 0000000000000000
0x000000001908f380:   0000000000000000 0000000000000000
0x000000001908f390:   0000000000000001 00000000568d5571 

Instructions: (pc=0x0000000054198d85)
0x0000000054198d65:   cc cc cc cc cc cc cc cc cc cc cc 48 83 ec 28 48
0x0000000054198d75:   85 c9 75 07 33 c0 48 83 c4 28 c3 48 89 5c 24 20
0x0000000054198d85:   48 8b 19 48 85 db 74 20 48 83 fb 37 74 1a 48 8b
0x0000000054198d95:   13 48 8b cb ff 52 10 84 c0 74 0d 48 8b c3 48 8b 


Register to memory mapping:

RAX=0x000000001908f201 is pointing into the stack for thread: 0x0000000017645800
RBX=0x0000000017645800 is a thread
RCX=0x003b003b3e3b3e3b is an unknown value
RDX=0x0000000000000000 is an unknown value
RSP=0x000000001908f2a0 is pointing into the stack for thread: 0x0000000017645800
RBP=0x003b003b3e3b3e3b is an unknown value
RSI=0x000000001908f3b8 is pointing into the stack for thread: 0x0000000017645800
RDI=0x0000000002bb9060 is an unknown value
R8 =0x0000000017645800 is a thread
R9 =0x0000000000000000 is an unknown value
R10=0x0000000000000000 is an unknown value
R11=0x0000000000000064 is an unknown value
R12=0x0000000000000000 is an unknown value
R13=0x000000001764d318 is an unknown value
R14=0x0000000000000000 is an unknown value
R15=0x0000000000000000 is an unknown value


Stack: [0x0000000018f90000,0x0000000019090000],  sp=0x000000001908f2a0,  free space=1020k
Native frames: (J=compiled Java code, j=interpreted, Vv=VM code, C=native code)
V  [jvm.dll+0x128d85]
V  [jvm.dll+0x34ab9d]
C  [jdwp.dll+0x21a15]
C  [jdwp.dll+0x53b3]
C  [jdwp.dll+0x5571]
C  [jdwp.dll+0xf0a8]
C  [jdwp.dll+0x1f2d5]
C  [jdwp.dll+0x1f4aa]
V  [jvm.dll+0x1bba58]
V  [jvm.dll+0x243434]
V  [jvm.dll+0x29a27a]
C  [msvcr100.dll+0x21d9f]
C  [msvcr100.dll+0x21e3b]
C  [KERNEL32.DLL+0x18102]
C  [ntdll.dll+0x5c5b4]


---------------  P R O C E S S  ---------------

Java Threads: ( => current thread )
  0x000000001765f000 JavaThread "Service Thread" daemon [_thread_blocked, id=24380, stack(0x0000000019590000,0x0000000019690000)]
  0x00000000189d4000 JavaThread "C1 CompilerThread2" daemon [_thread_blocked, id=25092, stack(0x0000000019490000,0x0000000019590000)]
  0x0000000017665000 JavaThread "C2 CompilerThread1" daemon [_thread_blocked, id=25740, stack(0x0000000019390000,0x0000000019490000)]
  0x000000001766e800 JavaThread "C2 CompilerThread0" daemon [_thread_blocked, id=27084, stack(0x0000000019290000,0x0000000019390000)]
  0x0000000017654000 JavaThread "JDWP Command Reader" daemon [_thread_in_native, id=27764, stack(0x0000000019190000,0x0000000019290000)]
  0x0000000017650800 JavaThread "JDWP Event Helper Thread" daemon [_thread_blocked, id=28064, stack(0x0000000019090000,0x0000000019190000)]
=>0x0000000017645800 JavaThread "JDWP Transport Listener: dt_socket" daemon [_thread_in_vm, id=24800, stack(0x0000000018f90000,0x0000000019090000)]
  0x00000000189d3800 JavaThread "Attach Listener" daemon [_thread_blocked, id=29128, stack(0x0000000018e90000,0x0000000018f90000)]
  0x000000001762a000 JavaThread "Signal Dispatcher" daemon [_thread_blocked, id=20760, stack(0x0000000018d90000,0x0000000018e90000)]
  0x0000000002cb9000 JavaThread "Finalizer" daemon [_thread_blocked, id=29160, stack(0x0000000018890000,0x0000000018990000)]
  0x0000000002cb4000 JavaThread "Reference Handler" daemon [_thread_blocked, id=26928, stack(0x0000000018790000,0x0000000018890000)]
  0x0000000002bc4800 JavaThread "main" [_thread_blocked, id=27920, stack(0x00000000029e0000,0x0000000002ae0000)]

Other Threads:
  0x00000000175d8000 VMThread [stack: 0x0000000018690000,0x0000000018790000] [id=25400]
  0x0000000018a7b800 WatcherThread [stack: 0x0000000019690000,0x0000000019790000] [id=29012]

VM state:not at safepoint (normal execution)

VM Mutex/Monitor currently owned by a thread: None

Heap:
 PSYoungGen      total 36864K, used 9523K [0x00000000d6f80000, 0x00000000d9880000, 0x0000000100000000)
  eden space 31744K, 30% used [0x00000000d6f80000,0x00000000d78cce50,0x00000000d8e80000)
  from space 5120K, 0% used [0x00000000d9380000,0x00000000d9380000,0x00000000d9880000)
  to   space 5120K, 0% used [0x00000000d8e80000,0x00000000d8e80000,0x00000000d9380000)
 ParOldGen       total 84992K, used 0K [0x0000000084e00000, 0x000000008a100000, 0x00000000d6f80000)
  object space 84992K, 0% used [0x0000000084e00000,0x0000000084e00000,0x000000008a100000)
 Metaspace       used 5330K, capacity 5724K, committed 6016K, reserved 1056768K
  class space    used 531K, capacity 564K, committed 640K, reserved 1048576K

Card table byte_map: [0x0000000012080000,0x0000000012460000] byte_map_base: 0x0000000011c59000

Marking Bits: (ParMarkBitMap*) 0x0000000054880600
 Begin Bits: [0x0000000012b00000, 0x00000000149c8000)
 End Bits:   [0x00000000149c8000, 0x0000000016890000)

Polling page: 0x0000000002ae0000

CodeCache: size=245760Kb used=1824Kb max_used=1824Kb free=243935Kb
 bounds [0x0000000002cc0000, 0x0000000002f30000, 0x0000000011cc0000]
 total_blobs=556 nmethods=292 adapters=185
 compilation: enabled

Compilation events (10 events):
Event: 32.721 Thread 0x000000001766e800 nmethod 290 0x0000000002e75f50 code [0x0000000002e760a0, 0x0000000002e762d8]
Event: 32.756 Thread 0x00000000189d4000 nmethod 287 0x0000000002e764d0 code [0x0000000002e77080, 0x0000000002e80ef8]
Event: 32.756 Thread 0x00000000189d4000  289       3       java.lang.Class::getName (21 bytes)
Event: 32.757 Thread 0x00000000189d4000 nmethod 289 0x0000000002e75910 code [0x0000000002e75a80, 0x0000000002e75c88]
Event: 32.757 Thread 0x00000000189d4000  288       3       com.alibaba.fastjson.asm.ClassWriter::newUTF8 (70 bytes)
Event: 32.758 Thread 0x00000000189d4000 nmethod 288 0x0000000002e750d0 code [0x0000000002e752a0, 0x0000000002e756f8]
Event: 32.758 Thread 0x00000000189d4000  291       3       com.alibaba.fastjson.asm.MethodWriter::visitLdcInsn (78 bytes)
Event: 32.760 Thread 0x00000000189d4000 nmethod 291 0x0000000002e74990 code [0x0000000002e74b40, 0x0000000002e74ed8]
Event: 32.760 Thread 0x00000000189d4000  292       3       com.alibaba.fastjson.asm.ClassWriter::newConstItem (159 bytes)
Event: 32.764 Thread 0x00000000189d4000 nmethod 292 0x0000000002e883d0 code [0x0000000002e886e0, 0x0000000002e89e38]

GC Heap History (0 events):
No events

Deoptimization events (1 events):
Event: 2.013 Thread 0x0000000002bc4800 Uncommon trap: reason=unstable_if action=reinterpret pc=0x0000000002e2d38c method=sun.nio.cs.UTF_8$Encoder.encode([CII[B)I @ 33

Internal exceptions (7 events):
Event: 0.255 Thread 0x0000000002bc4800 Exception <a 'java/lang/NoSuchMethodError': Method sun.misc.Unsafe.defineClass(Ljava/lang/String;[BII)Ljava/lang/Class; name or signature does not match> (0x00000000d6f87cc0) thrown at [D:\re\workspace\8-2-build-windows-amd64-cygwin\jdk8u77\6540\hotspot\srb1–¬UÐ?
Event: 0.255 Thread 0x0000000002bc4800 Exception <a 'java/lang/NoSuchMethodError': Method sun.misc.Unsafe.prefetchRead(Ljava/lang/Object;J)V name or signature does not match> (0x00000000d6f87fa8) thrown at [D:\re\workspace\8-2-build-windows-amd64-cygwin\jdk8u77\6540\hotspot\src\share\vm\prims\j®OáU©Cõ?
Event: 1.329 Thread 0x0000000002bc4800 Exception <a 'java/security/PrivilegedActionException'> (0x00000000d72ba0b8) thrown at [D:\re\workspace\8-2-build-windows-amd64-cygwin\jdk8u77\6540\hotspot\src\share\vm\prims\jvm.cpp, line 1386]
Event: 1.329 Thread 0x0000000002bc4800 Exception <a 'java/security/PrivilegedActionException'> (0x00000000d72ba2c8) thrown at [D:\re\workspace\8-2-build-windows-amd64-cygwin\jdk8u77\6540\hotspot\src\share\vm\prims\jvm.cpp, line 1386]
Event: 1.331 Thread 0x0000000002bc4800 Exception <a 'java/security/PrivilegedActionException'> (0x00000000d72bc980) thrown at [D:\re\workspace\8-2-build-windows-amd64-cygwin\jdk8u77\6540\hotspot\src\share\vm\prims\jvm.cpp, line 1386]
Event: 1.331 Thread 0x0000000002bc4800 Exception <a 'java/security/PrivilegedActionException'> (0x00000000d72bcb90) thrown at [D:\re\workspace\8-2-build-windows-amd64-cygwin\jdk8u77\6540\hotspot\src\share\vm\prims\jvm.cpp, line 1386]
Event: 32.700 Thread 0x0000000002bc4800 Exception <a 'java/lang/ArrayIndexOutOfBoundsException': 18> (0x00000000d782b968) thrown at [D:\re\workspace\8-2-build-windows-amd64-cygwin\jdk8u77\6540\hotspot\src\share\vm\interpreter\interpreterRuntime.cpp, line 366]

Events (10 events):
Event: 7489.690 Executing VM operation: ChangeBreakpoints
Event: 7489.691 Executing VM operation: ChangeBreakpoints done
Event: 7489.863 Executing VM operation: ChangeBreakpoints
Event: 7489.863 Executing VM operation: ChangeBreakpoints done
Event: 7490.790 Executing VM operation: ChangeBreakpoints
Event: 7490.790 Executing VM operation: ChangeBreakpoints done
Event: 7504.572 Executing VM operation: ChangeBreakpoints
Event: 7504.572 Executing VM operation: ChangeBreakpoints done
Event: 7504.577 Executing VM operation: RedefineClasses
Event: 7504.580 Executing VM operation: RedefineClasses done


Dynamic libraries:
0x00007ff78e640000 - 0x00007ff78e677000 	C:\Java\jdk1.8.0_77\bin\java.exe
0x00007ffbeb300000 - 0x00007ffbeb4c1000 	C:\WINDOWS\SYSTEM32\ntdll.dll
0x00007ffbe8670000 - 0x00007ffbe871d000 	C:\WINDOWS\system32\KERNEL32.DLL
0x00007ffbe7760000 - 0x00007ffbe7948000 	C:\WINDOWS\system32\KERNELBASE.dll
0x00007ffbe8b00000 - 0x00007ffbe8ba7000 	C:\WINDOWS\system32\ADVAPI32.dll
0x00007ffbe8be0000 - 0x00007ffbe8c7d000 	C:\WINDOWS\system32\msvcrt.dll
0x00007ffbe8780000 - 0x00007ffbe87db000 	C:\WINDOWS\system32\sechost.dll
0x00007ffbe8930000 - 0x00007ffbe8a4d000 	C:\WINDOWS\system32\RPCRT4.dll
0x00007ffbea8a0000 - 0x00007ffbea9f6000 	C:\WINDOWS\system32\USER32.dll
0x00007ffbeab20000 - 0x00007ffbeaca7000 	C:\WINDOWS\system32\GDI32.dll
0x00007ffbe3170000 - 0x00007ffbe33e4000 	C:\WINDOWS\WinSxS\amd64_microsoft.windows.common-controls_6595b64144ccf1df_6.0.10586.839_none_a2ddba30a539a2ae\COMCTL32.dll
0x00007ffbe8cc0000 - 0x00007ffbe8f3e000 	C:\WINDOWS\system32\combase.dll
0x00007ffbe7d50000 - 0x00007ffbe7dba000 	C:\WINDOWS\system32\bcryptPrimitives.dll
0x00007ffbe8c80000 - 0x00007ffbe8cbb000 	C:\WINDOWS\system32\IMM32.DLL
0x00007ffbe75e0000 - 0x00007ffbe7612000 	C:\Windows\system32\nvinitx.dll
0x00007ffbe75d0000 - 0x00007ffbe75da000 	C:\WINDOWS\SYSTEM32\VERSION.dll
0x0000000056970000 - 0x0000000056a42000 	C:\Java\jdk1.8.0_77\jre\bin\msvcr100.dll
0x0000000054070000 - 0x0000000054900000 	C:\Java\jdk1.8.0_77\jre\bin\server\jvm.dll
0x00007ffbe7cd0000 - 0x00007ffbe7cf3000 	C:\WINDOWS\system32\WINMM.dll
0x00007ffbe7710000 - 0x00007ffbe773c000 	C:\WINDOWS\system32\WINMMBASE.dll
0x00007ffbe84f0000 - 0x00007ffbe8533000 	C:\WINDOWS\system32\cfgmgr32.dll
0x00007ffbe8540000 - 0x00007ffbe8548000 	C:\WINDOWS\system32\PSAPI.DLL
0x00007ffbd9020000 - 0x00007ffbd9029000 	C:\WINDOWS\SYSTEM32\WSOCK32.dll
0x00007ffbeb290000 - 0x00007ffbeb2fb000 	C:\WINDOWS\system32\WS2_32.dll
0x0000000056960000 - 0x000000005696f000 	C:\Java\jdk1.8.0_77\jre\bin\verify.dll
0x0000000056930000 - 0x0000000056959000 	C:\Java\jdk1.8.0_77\jre\bin\java.dll
0x00000000568d0000 - 0x0000000056905000 	C:\Java\jdk1.8.0_77\jre\bin\jdwp.dll
0x00000000568c0000 - 0x00000000568c8000 	C:\Java\jdk1.8.0_77\jre\bin\npt.dll
0x0000000056910000 - 0x0000000056926000 	C:\Java\jdk1.8.0_77\jre\bin\zip.dll
0x00007ffbe9340000 - 0x00007ffbea89c000 	C:\WINDOWS\system32\SHELL32.dll
0x00007ffbe7de0000 - 0x00007ffbe8425000 	C:\WINDOWS\system32\windows.storage.dll
0x00007ffbe8fe0000 - 0x00007ffbe9032000 	C:\WINDOWS\system32\shlwapi.dll
0x00007ffbe7700000 - 0x00007ffbe770f000 	C:\WINDOWS\system32\kernel.appcore.dll
0x00007ffbe7c10000 - 0x00007ffbe7cc5000 	C:\WINDOWS\system32\shcore.dll
0x00007ffbe7d00000 - 0x00007ffbe7d4b000 	C:\WINDOWS\system32\powrprof.dll
0x00007ffbe7740000 - 0x00007ffbe7754000 	C:\WINDOWS\system32\profapi.dll
0x0000000056880000 - 0x0000000056889000 	C:\Java\jdk1.8.0_77\jre\bin\dt_socket.dll
0x00007ffbe6f40000 - 0x00007ffbe6f9c000 	C:\WINDOWS\system32\mswsock.dll
0x00007ffbc1b40000 - 0x00007ffbc1ccc000 	C:\WINDOWS\SYSTEM32\dbghelp.dll

VM Arguments:
jvm_args: -agentlib:jdwp=transport=dt_socket,address=127.0.0.1:62635,suspend=y,server=n -Dfile.encoding=UTF-8 
java_command: com.lingjie.credit.common.EncodeUtil
java_class_path (initial): C:\Java\jdk1.8.0_77\jre\lib\charsets.jar;C:\Java\jdk1.8.0_77\jre\lib\deploy.jar;C:\Java\jdk1.8.0_77\jre\lib\ext\access-bridge-64.jar;C:\Java\jdk1.8.0_77\jre\lib\ext\cldrdata.jar;C:\Java\jdk1.8.0_77\jre\lib\ext\dnsns.jar;C:\Java\jdk1.8.0_77\jre\lib\ext\jaccess.jar;C:\Java\jdk1.8.0_77\jre\lib\ext\jfxrt.jar;C:\Java\jdk1.8.0_77\jre\lib\ext\localedata.jar;C:\Java\jdk1.8.0_77\jre\lib\ext\nashorn.jar;C:\Java\jdk1.8.0_77\jre\lib\ext\sunec.jar;C:\Java\jdk1.8.0_77\jre\lib\ext\sunjce_provider.jar;C:\Java\jdk1.8.0_77\jre\lib\ext\sunmscapi.jar;C:\Java\jdk1.8.0_77\jre\lib\ext\sunpkcs11.jar;C:\Java\jdk1.8.0_77\jre\lib\ext\zipfs.jar;C:\Java\jdk1.8.0_77\jre\lib\javaws.jar;C:\Java\jdk1.8.0_77\jre\lib\jce.jar;C:\Java\jdk1.8.0_77\jre\lib\jfr.jar;C:\Java\jdk1.8.0_77\jre\lib\jfxswt.jar;C:\Java\jdk1.8.0_77\jre\lib\jsse.jar;C:\Java\jdk1.8.0_77\jre\lib\management-agent.jar;C:\Java\jdk1.8.0_77\jre\lib\plugin.jar;C:\Java\jdk1.8.0_77\jre\lib\resources.jar;C:\Java\jdk1.8.0_77\jre\lib\rt.jar;G:\creditserver\target\classes;I:\mavenlib\repository\org\mybatis\spring\boot\mybatis-spring-boot-starter\1.3.1\mybatis-spring-boot-starter-1.3.1.jar;I:\mavenlib\repository\org\springframework\boot\spring-boot-starter\1.5.10.RELEASE\spring-boot-starter-1.5.10.RELEASE.jar;I:\mavenlib\repository\org\springframework\boot\spring-boot\1.5.10.RELEASE\spring-boot-1.5.10.RELEASE.jar;I:\mavenlib\repository\org\springframework\boot\spring-boot-starter-logging\1.5.10.RELEASE\spring-boot-starter-logging-1.5.10.RELEASE.jar;I:\mavenlib\repository\ch\qos\logback\logback-classic\1.1.11\logback-classic-1.1.11.jar;I:\mavenlib\repository\ch\qos\logback\logback-core\1.1.11\logback-core-1.1.11.jar;I:\mavenlib\repository\org\slf4j\jcl-over-slf4j\1.7.25\jcl-over-slf4j-1.7.25.jar;I:\mavenlib\repository\org\slf4j\jul-to-slf4j\1.7.25\jul-to-slf4j-1.7.25.jar;I:\mavenlib\repository\org\slf4j\log4j-over-slf4j\1.7.25\log4j-over-slf4j-1.7.25.jar;I:\mavenlib\repository\org\yaml\snakeyaml\1.17\snakeyaml-1.17.jar
Launcher Type: SUN_STANDARD

Environment Variables:
JAVA_HOME=C:\Java\jdk1.8.0_77
PATH=C:\Program Files\NVIDIA GPU Computing Toolkit\CUDA\v8.0\bin;C:\Program Files\NVIDIA GPU Computing Toolkit\CUDA\v8.0\libnvvp;C:\ProgramData\Oracle\Java\javapath;C:\Program Files (x86)\Intel\iCLS Client\;C:\Program Files\Intel\iCLS Client\;C:\WINDOWS\system32;C:\WINDOWS;C:\WINDOWS\System32\Wbem;C:\WINDOWS\System32\WindowsPowerShell\v1.0\;C:\Program Files\Intel\Intel(R) Management Engine Components\DAL;C:\Program Files\Intel\Intel(R) Management Engine Components\IPT;C:\Program Files (x86)\Intel\Intel(R) Management Engine Components\DAL;C:\Program Files (x86)\Intel\Intel(R) Management Engine Components\IPT;C:\Program Files\Lenovo\Fingerprint Manager Pro\;C:\Program Files (x86)\Intel\OpenCL SDK\3.0\bin\x86;C:\Program Files (x86)\Intel\OpenCL SDK\3.0\bin\x64;C:\Program Files\Intel\WiFi\bin\;C:\Program Files\Common Files\Intel\WirelessCommon\;D:\MySQL\MySQL Server 5.1\bin;D:\apache\apache-maven-3.3.9\bin;D:\Program Files\TortoiseSVN\bin;D:\hadoop\hadoop-2.5.1/bin;C:\scala\bin;D:\Program Files (x86)\Git\bin;C:\Program Files\Git\cmd;C:\Program Files\TortoiseGit\bin;D:\nodejs\;C:\Program Files (x86)\NVIDIA Corporation\PhysX\Common;C:\Program Files (x86)\Windows Kits\8.1\Windows Performance Toolkit\;D:\phpStudy\php\php-5.6.27-nts;d:\composer;D:\Go\bin;d:\Anaconda3;d:\Anaconda3\Library\mingw-w64\bin;d:\Anaconda3\Library\usr\bin;d:\Anaconda3\Library\bin;d:\Anaconda3\Scripts;D:\Python\Python36\Scripts\;D:\Python\Python36\;C:\Program Files\Intel\WiFi\bin\;C:\Program Files\Common Files\Intel\WirelessCommon\;D:\apache\apache-maven-3.3.9\bin;D:\hadoop\hadoop-2.5.1/bin;D:\Go\bin;D:\gradle\gradle-3.4\BIN;D:\erl9.1\bin;D:\lua\bin;D:\ZeroBraneStudio\bin;C:\Program Files\7-Zip;D:\mingw-w64\x86_64-6.2.0-posix-seh-rt_v5-rev1\mingw64\bin;D:\gradle\gradle-3.4\bin;C:\Users\IBM\AppData\Local\Programs\Fiddler;d:\Program Files\Docker Toolbox;C:\Users\IBM\AppData\Roaming\npm;C:\Users\IBM\AppData\Roaming\Composer\vendor\bin
USERNAME=IBM
OS=Windows_NT
PROCESSOR_IDENTIFIER=Intel64 Family 6 Model 60 Stepping 3, GenuineIntel



---------------  S Y S T E M  ---------------

OS: Windows 10.0 , 64 bit Build 10586 (10.0.10586.589)

CPU:total 4 (2 cores per cpu, 2 threads per core) family 6 model 60 stepping 3, cmov, cx8, fxsr, mmx, sse, sse2, sse3, ssse3, sse4.1, sse4.2, popcnt, avx, avx2, aes, clmul, erms, lzcnt, ht, tsc, tscinvbit, bmi1, bmi2

Memory: 4k page, physical 8067632k(1811104k free), swap 16683464k(3048488k free)

vm_info: Java HotSpot(TM) 64-Bit Server VM (25.77-b03) for windows-amd64 JRE (1.8.0_77-b03), built on Mar 20 2016 22:01:33 by "java_re" with MS VC++ 10.0 (VS2010)

time: Mon Feb 26 17:47:34 2018
elapsed time: 7504 seconds (0d 2h 5m 4s)

